<?xml version="1.0" encoding="UTF-8"?>
<testng-results skipped="0" failed="0" ignored="0" total="1" passed="1">
  <reporter-output>
  </reporter-output>
  <suite name="Default suite" duration-ms="468" started-at="2020-01-29T00:39:30Z" finished-at="2020-01-29T00:39:31Z">
    <groups>
    </groups>
    <test name="Default test" duration-ms="468" started-at="2020-01-29T00:39:30Z" finished-at="2020-01-29T00:39:31Z">
      <class name="com.qa.YamlDemo.BasicTests">
        <test-method status="PASS" signature="yamlFileToMap()[pri:0, instance:com.qa.YamlDemo.BasicTests@7ac7a4e4]" name="yamlFileToMap" duration-ms="337" started-at="2020-01-29T00:39:30Z" finished-at="2020-01-29T00:39:31Z">
          <reporter-output>
          </reporter-output>
        </test-method> <!-- yamlFileToMap -->
      </class> <!-- com.qa.YamlDemo.BasicTests -->
    </test> <!-- Default test -->
  </suite> <!-- Default suite -->
</testng-results>
